1771834658835	geckodriver	INFO	Listening on 127.0.0.1:63352
1771834661942	mozrunner::runner	INFO	Running command: "C:\\Program Files\\Mozilla Firefox\\firefox.exe" "--marionette" "--remote-debugging-port" "63353" "--remote-allow-hosts" "localhost" "-no-remote" "-profile" "C:\\Users\\KIIT01\\AppData\\Local\\Temp\\rust_mozprofile6Np6mA"
console.warn: services.settings: Ignoring preference override of remote settings server
console.warn: services.settings: Allow by setting MOZ_REMOTE_SETTINGS_DEVTOOLS=1 in the environment
Dynamically enable window occlusion 0
1771834662239	Marionette	INFO	Marionette enabled
1771834662331	Marionette	INFO	Listening on port 63360
WebDriver BiDi listening on ws://127.0.0.1:63353
Read port: 63360
1771834662434	RemoteAgent	WARN	TLS certificate errors will be ignored for this session
JavaScript warning: https://automationexercise.com/static/js/jquery.js, line 2: Using //@ to indicate sourceMappingURL pragmas is deprecated. Use //# instead
JavaScript warning: https://pagead2.googlesyndication.com/bg/1Tenf8LuLvlaB5bb2r2CQkyBm19ywMxO6LbrahOWwsY.js, line 5785: unreachable code after return statement
JavaScript warning: https://pagead2.googlesyndication.com/bg/1Tenf8LuLvlaB5bb2r2CQkyBm19ywMxO6LbrahOWwsY.js, line 5785: unreachable code after return statement
JavaScript warning: https://pagead2.googlesyndication.com/bg/1Tenf8LuLvlaB5bb2r2CQkyBm19ywMxO6LbrahOWwsY.js, line 5785: unreachable code after return statement
JavaScript warning: https://pagead2.googlesyndication.com/bg/1Tenf8LuLvlaB5bb2r2CQkyBm19ywMxO6LbrahOWwsY.js, line 5785: unreachable code after return statement
JavaScript warning: https://pagead2.googlesyndication.com/bg/1Tenf8LuLvlaB5bb2r2CQkyBm19ywMxO6LbrahOWwsY.js, line 5785: unreachable code after return statement
JavaScript warning: https://pagead2.googlesyndication.com/bg/1Tenf8LuLvlaB5bb2r2CQkyBm19ywMxO6LbrahOWwsY.js, line 5785: unreachable code after return statement
JavaScript warning: https://pagead2.googlesyndication.com/bg/1Tenf8LuLvlaB5bb2r2CQkyBm19ywMxO6LbrahOWwsY.js, line 5785: unreachable code after return statement
JavaScript warning: https://pagead2.googlesyndication.com/bg/1Tenf8LuLvlaB5bb2r2CQkyBm19ywMxO6LbrahOWwsY.js, line 5785: unreachable code after return statement
JavaScript warning: https://pagead2.googlesyndication.com/bg/1Tenf8LuLvlaB5bb2r2CQkyBm19ywMxO6LbrahOWwsY.js, line 5785: unreachable code after return statement
JavaScript warning: https://pagead2.googlesyndication.com/bg/1Tenf8LuLvlaB5bb2r2CQkyBm19ywMxO6LbrahOWwsY.js, line 5785: unreachable code after return statement
JavaScript warning: https://pagead2.googlesyndication.com/bg/1Tenf8LuLvlaB5bb2r2CQkyBm19ywMxO6LbrahOWwsY.js line 2 > eval, line 5785: unreachable code after return statement
JavaScript warning: https://pagead2.googlesyndication.com/bg/1Tenf8LuLvlaB5bb2r2CQkyBm19ywMxO6LbrahOWwsY.js line 2 > eval, line 5785: unreachable code after return statement
JavaScript warning: https://pagead2.googlesyndication.com/bg/1Tenf8LuLvlaB5bb2r2CQkyBm19ywMxO6LbrahOWwsY.js line 2 > eval, line 5785: unreachable code after return statement
JavaScript warning: https://pagead2.googlesyndication.com/bg/1Tenf8LuLvlaB5bb2r2CQkyBm19ywMxO6LbrahOWwsY.js line 2 > eval, line 5785: unreachable code after return statement
JavaScript warning: https://pagead2.googlesyndication.com/bg/1Tenf8LuLvlaB5bb2r2CQkyBm19ywMxO6LbrahOWwsY.js line 2 > eval, line 5785: unreachable code after return statement
JavaScript warning: https://pagead2.googlesyndication.com/bg/1Tenf8LuLvlaB5bb2r2CQkyBm19ywMxO6LbrahOWwsY.js line 2 > eval, line 5785: unreachable code after return statement
JavaScript warning: https://pagead2.googlesyndication.com/bg/1Tenf8LuLvlaB5bb2r2CQkyBm19ywMxO6LbrahOWwsY.js line 2 > eval, line 1: unreachable code after return statement
JavaScript warning: https://pagead2.googlesyndication.com/bg/1Tenf8LuLvlaB5bb2r2CQkyBm19ywMxO6LbrahOWwsY.js line 2 > eval line 5785 > eval, line 1: unreachable code after return statement
JavaScript warning: https://pagead2.googlesyndication.com/bg/1Tenf8LuLvlaB5bb2r2CQkyBm19ywMxO6LbrahOWwsY.js line 2 > eval, line 1: unreachable code after return statement
JavaScript warning: https://pagead2.googlesyndication.com/bg/1Tenf8LuLvlaB5bb2r2CQkyBm19ywMxO6LbrahOWwsY.js line 2 > eval line 5785 > eval, line 1: unreachable code after return statement
JavaScript warning: https://pagead2.googlesyndication.com/bg/1Tenf8LuLvlaB5bb2r2CQkyBm19ywMxO6LbrahOWwsY.js line 2 > eval line 5785 > eval, line 1: unreachable code after return statement
JavaScript warning: https://pagead2.googlesyndication.com/bg/1Tenf8LuLvlaB5bb2r2CQkyBm19ywMxO6LbrahOWwsY.js line 2 > eval line 5785 > eval line 1 > eval, line 1: unreachable code after return statement
JavaScript warning: https://pagead2.googlesyndication.com/bg/1Tenf8LuLvlaB5bb2r2CQkyBm19ywMxO6LbrahOWwsY.js line 2 > eval line 5785 > eval, line 1: unreachable code after return statement
JavaScript warning: https://pagead2.googlesyndication.com/bg/1Tenf8LuLvlaB5bb2r2CQkyBm19ywMxO6LbrahOWwsY.js line 2 > eval line 5785 > eval line 1 > eval, line 1: unreachable code after return statement
JavaScript warning: https://pagead2.googlesyndication.com/bg/1Tenf8LuLvlaB5bb2r2CQkyBm19ywMxO6LbrahOWwsY.js line 2 > eval line 5785 > eval, line 1: unreachable code after return statement
JavaScript warning: https://pagead2.googlesyndication.com/bg/1Tenf8LuLvlaB5bb2r2CQkyBm19ywMxO6LbrahOWwsY.js line 2 > eval line 5785 > eval line 1 > eval, line 1: unreachable code after return statement
JavaScript warning: https://pagead2.googlesyndication.com/bg/1Tenf8LuLvlaB5bb2r2CQkyBm19ywMxO6LbrahOWwsY.js line 2 > eval, line 5785: unreachable code after return statement
JavaScript warning: https://pagead2.googlesyndication.com/bg/1Tenf8LuLvlaB5bb2r2CQkyBm19ywMxO6LbrahOWwsY.js line 2 > eval, line 5785: unreachable code after return statement
JavaScript warning: https://pagead2.googlesyndication.com/bg/1Tenf8LuLvlaB5bb2r2CQkyBm19ywMxO6LbrahOWwsY.js line 2 > eval, line 5785: unreachable code after return statement
JavaScript warning: https://pagead2.googlesyndication.com/bg/1Tenf8LuLvlaB5bb2r2CQkyBm19ywMxO6LbrahOWwsY.js line 2 > eval line 5785 > eval line 1 > eval, line 1: unreachable code after return statement
JavaScript warning: https://pagead2.googlesyndication.com/bg/1Tenf8LuLvlaB5bb2r2CQkyBm19ywMxO6LbrahOWwsY.js line 2 > eval line 5785 > eval line 1 > eval, line 1: unreachable code after return statement
JavaScript warning: https://pagead2.googlesyndication.com/bg/1Tenf8LuLvlaB5bb2r2CQkyBm19ywMxO6LbrahOWwsY.js line 2 > eval line 5785 > eval line 1 > eval, line 1: unreachable code after return statement
JavaScript warning: https://pagead2.googlesyndication.com/bg/1Tenf8LuLvlaB5bb2r2CQkyBm19ywMxO6LbrahOWwsY.js line 2 > eval line 5785 > eval line 1 > eval, line 1: unreachable code after return statement
JavaScript warning: https://pagead2.googlesyndication.com/bg/1Tenf8LuLvlaB5bb2r2CQkyBm19ywMxO6LbrahOWwsY.js line 2 > eval line 5785 > eval line 1 > eval, line 1: unreachable code after return statement
JavaScript warning: https://pagead2.googlesyndication.com/bg/1Tenf8LuLvlaB5bb2r2CQkyBm19ywMxO6LbrahOWwsY.js line 2 > eval line 5785 > eval line 1 > eval line 1 > eval, line 1: unreachable code after return statement
JavaScript warning: https://pagead2.googlesyndication.com/bg/1Tenf8LuLvlaB5bb2r2CQkyBm19ywMxO6LbrahOWwsY.js line 2 > eval line 5785 > eval line 1 > eval line 1 > eval, line 1: unreachable code after return statement
JavaScript warning: https://pagead2.googlesyndication.com/bg/1Tenf8LuLvlaB5bb2r2CQkyBm19ywMxO6LbrahOWwsY.js line 2 > eval line 5785 > eval line 1 > eval line 1 > eval, line 1: unreachable code after return statement
JavaScript warning: https://pagead2.googlesyndication.com/bg/1Tenf8LuLvlaB5bb2r2CQkyBm19ywMxO6LbrahOWwsY.js line 2 > eval line 5785 > eval line 1 > eval line 1 > eval, line 1: unreachable code after return statement
JavaScript warning: https://pagead2.googlesyndication.com/bg/1Tenf8LuLvlaB5bb2r2CQkyBm19ywMxO6LbrahOWwsY.js line 2 > eval line 5785 > eval line 1 > eval line 1 > eval, line 1: unreachable code after return statement
JavaScript error: , line 0: uncaught exception: undefined
JavaScript warning: https://automationexercise.com/static/js/jquery.js, line 2: Using //@ to indicate sourceMappingURL pragmas is deprecated. Use //# instead
console.warn: LoginRecipes: "Falling back to a synchronous message for: https://automationexercise.com."
console.warn: LoginRecipes: "Falling back to a synchronous message for: https://automationexercise.com."
JavaScript warning: https://automationexercise.com/static/js/jquery.js, line 2: Using //@ to indicate sourceMappingURL pragmas is deprecated. Use //# instead
JavaScript error: resource://gre/actors/FormHandlerChild.sys.mjs, line 103: InvalidStateError: JSWindowActorChild.document getter: Cannot access property 'document' after actor 'FormHandler' has been destroyed
1771834691630	Marionette	INFO	Stopped listening on port 63360
Dynamically enable window occlusion 1
console.warn: TopSitesFeed: Failed to fetch data from MARS server: NetworkError when attempting to fetch resource.
