1771834969898	geckodriver	INFO	Listening on 127.0.0.1:59679
1771834972985	mozrunner::runner	INFO	Running command: "C:\\Program Files\\Mozilla Firefox\\firefox.exe" "--marionette" "--remote-debugging-port" "59680" "--remote-allow-hosts" "localhost" "-no-remote" "-profile" "C:\\Users\\KIIT01\\AppData\\Local\\Temp\\rust_mozprofile2zMFEJ"
console.warn: services.settings: Ignoring preference override of remote settings server
console.warn: services.settings: Allow by setting MOZ_REMOTE_SETTINGS_DEVTOOLS=1 in the environment
Dynamically enable window occlusion 0
1771834973261	Marionette	INFO	Marionette enabled
1771834973357	Marionette	INFO	Listening on port 59687
WebDriver BiDi listening on ws://127.0.0.1:59680
Read port: 59687
1771834973482	RemoteAgent	WARN	TLS certificate errors will be ignored for this session
JavaScript warning: https://automationexercise.com/static/js/jquery.js, line 2: Using //@ to indicate sourceMappingURL pragmas is deprecated. Use //# instead
JavaScript warning: https://pagead2.googlesyndication.com/bg/l11QPndu-j1d-IuVVz8_-a8eiRaKqDgehurr_OIagKU.js, line 7102: unreachable code after return statement
JavaScript warning: https://pagead2.googlesyndication.com/bg/l11QPndu-j1d-IuVVz8_-a8eiRaKqDgehurr_OIagKU.js, line 7102: unreachable code after return statement
JavaScript warning: https://pagead2.googlesyndication.com/bg/l11QPndu-j1d-IuVVz8_-a8eiRaKqDgehurr_OIagKU.js, line 7102: unreachable code after return statement
JavaScript warning: https://pagead2.googlesyndication.com/bg/l11QPndu-j1d-IuVVz8_-a8eiRaKqDgehurr_OIagKU.js, line 7102: unreachable code after return statement
JavaScript warning: https://pagead2.googlesyndication.com/bg/l11QPndu-j1d-IuVVz8_-a8eiRaKqDgehurr_OIagKU.js, line 7102: unreachable code after return statement
JavaScript warning: https://pagead2.googlesyndication.com/bg/l11QPndu-j1d-IuVVz8_-a8eiRaKqDgehurr_OIagKU.js, line 7102: unreachable code after return statement
JavaScript warning: https://pagead2.googlesyndication.com/bg/l11QPndu-j1d-IuVVz8_-a8eiRaKqDgehurr_OIagKU.js, line 7102: unreachable code after return statement
JavaScript warning: https://pagead2.googlesyndication.com/bg/l11QPndu-j1d-IuVVz8_-a8eiRaKqDgehurr_OIagKU.js line 2 > eval, line 7102: unreachable code after return statement
JavaScript warning: https://pagead2.googlesyndication.com/bg/l11QPndu-j1d-IuVVz8_-a8eiRaKqDgehurr_OIagKU.js line 2 > eval, line 7102: unreachable code after return statement
JavaScript warning: https://pagead2.googlesyndication.com/bg/l11QPndu-j1d-IuVVz8_-a8eiRaKqDgehurr_OIagKU.js line 2 > eval, line 7102: unreachable code after return statement
JavaScript warning: https://pagead2.googlesyndication.com/bg/l11QPndu-j1d-IuVVz8_-a8eiRaKqDgehurr_OIagKU.js line 2 > eval, line 1: unreachable code after return statement
JavaScript warning: https://pagead2.googlesyndication.com/bg/l11QPndu-j1d-IuVVz8_-a8eiRaKqDgehurr_OIagKU.js line 2 > eval line 7102 > eval, line 1: unreachable code after return statement
JavaScript warning: https://pagead2.googlesyndication.com/bg/l11QPndu-j1d-IuVVz8_-a8eiRaKqDgehurr_OIagKU.js line 2 > eval, line 1: unreachable code after return statement
JavaScript warning: https://pagead2.googlesyndication.com/bg/l11QPndu-j1d-IuVVz8_-a8eiRaKqDgehurr_OIagKU.js line 2 > eval line 7102 > eval, line 1: unreachable code after return statement
JavaScript warning: https://pagead2.googlesyndication.com/bg/l11QPndu-j1d-IuVVz8_-a8eiRaKqDgehurr_OIagKU.js line 2 > eval, line 7102: unreachable code after return statement
JavaScript warning: https://pagead2.googlesyndication.com/bg/l11QPndu-j1d-IuVVz8_-a8eiRaKqDgehurr_OIagKU.js line 2 > eval line 7102 > eval line 1 > eval, line 1: unreachable code after return statement
JavaScript warning: https://pagead2.googlesyndication.com/bg/l11QPndu-j1d-IuVVz8_-a8eiRaKqDgehurr_OIagKU.js line 2 > eval line 7102 > eval line 1 > eval, line 1: unreachable code after return statement
JavaScript warning: https://pagead2.googlesyndication.com/bg/l11QPndu-j1d-IuVVz8_-a8eiRaKqDgehurr_OIagKU.js line 2 > eval line 7102 > eval line 1 > eval line 1 > eval, line 1: unreachable code after return statement
JavaScript warning: https://pagead2.googlesyndication.com/bg/l11QPndu-j1d-IuVVz8_-a8eiRaKqDgehurr_OIagKU.js line 2 > eval line 7102 > eval line 1 > eval line 1 > eval, line 1: unreachable code after return statement
JavaScript error: , line 0: uncaught exception: undefined
JavaScript warning: https://automationexercise.com/static/js/jquery.js, line 2: Using //@ to indicate sourceMappingURL pragmas is deprecated. Use //# instead
console.warn: LoginRecipes: "Falling back to a synchronous message for: https://automationexercise.com."
console.warn: LoginRecipes: "Falling back to a synchronous message for: https://automationexercise.com."
JavaScript warning: https://automationexercise.com/static/js/jquery.js, line 2: Using //@ to indicate sourceMappingURL pragmas is deprecated. Use //# instead
1771835004438	Marionette	INFO	Stopped listening on port 59687
Dynamically enable window occlusion 1
console.warn: TopSitesFeed: Failed to fetch data from MARS server: NetworkError when attempting to fetch resource.
console.warn: services.settings: main/search-config-v2 sync interrupted by shutdown
console.warn: services.settings: main/message-groups sync interrupted by shutdown
console.warn: services.settings: main/top-sites sync interrupted by shutdown
console.warn: services.settings: main/translations-models sync interrupted by shutdown
console.warn: services.settings: main/webcompat-interventions sync interrupted by shutdown
console.warn: services.settings: main/search-telemetry-v2 sync interrupted by shutdown
console.warn: services.settings: main/moz-essential-domain-fallbacks sync interrupted by shutdown
console.warn: services.settings: main/mfcdm-origins-list sync interrupted by shutdown
console.warn: services.settings: main/doh-config sync interrupted by shutdown
console.warn: services.settings: main/fingerprinting-protection-overrides sync interrupted by shutdown
console.warn: services.settings: main/translations-wasm sync interrupted by shutdown
console.warn: services.settings: main/partitioning-exempt-urls sync interrupted by shutdown
console.warn: services.settings: main/cfr sync interrupted by shutdown
console.warn: services.settings: main/search-default-override-allowlist sync interrupted by shutdown
console.warn: services.settings: main/url-parser-default-unknown-schemes-interventions sync interrupted by shutdown
console.error: (new AbortError("IndexedDB: main/url-classifier-skip-urls getLastModified() IndexedDB:  execute() A request was aborted, for example through a call to IDBTransaction.abort.", "resource://services-settings/IDBHelpers.sys.mjs", 16))
