1771834136305	geckodriver	INFO	Listening on 127.0.0.1:60277
1771834139488	mozrunner::runner	INFO	Running command: "C:\\Program Files\\Mozilla Firefox\\firefox.exe" "--marionette" "--remote-debugging-port" "60278" "--remote-allow-hosts" "localhost" "-no-remote" "-profile" "C:\\Users\\KIIT01\\AppData\\Local\\Temp\\rust_mozprofileeJ9sTK"
console.warn: services.settings: Ignoring preference override of remote settings server
console.warn: services.settings: Allow by setting MOZ_REMOTE_SETTINGS_DEVTOOLS=1 in the environment
Dynamically enable window occlusion 0
1771834139936	Marionette	INFO	Marionette enabled
1771834140037	Marionette	INFO	Listening on port 60293
WebDriver BiDi listening on ws://127.0.0.1:60278
Read port: 60293
1771834140170	RemoteAgent	WARN	TLS certificate errors will be ignored for this session
JavaScript warning: https://automationexercise.com/static/js/jquery.js, line 2: Using //@ to indicate sourceMappingURL pragmas is deprecated. Use //# instead
JavaScript warning: https://pagead2.googlesyndication.com/bg/l11QPndu-j1d-IuVVz8_-a8eiRaKqDgehurr_OIagKU.js, line 6786: unreachable code after return statement
JavaScript warning: https://pagead2.googlesyndication.com/bg/l11QPndu-j1d-IuVVz8_-a8eiRaKqDgehurr_OIagKU.js, line 6786: unreachable code after return statement
JavaScript warning: https://pagead2.googlesyndication.com/bg/l11QPndu-j1d-IuVVz8_-a8eiRaKqDgehurr_OIagKU.js, line 6786: unreachable code after return statement
JavaScript warning: https://pagead2.googlesyndication.com/bg/l11QPndu-j1d-IuVVz8_-a8eiRaKqDgehurr_OIagKU.js, line 6786: unreachable code after return statement
JavaScript warning: https://pagead2.googlesyndication.com/bg/l11QPndu-j1d-IuVVz8_-a8eiRaKqDgehurr_OIagKU.js, line 6786: unreachable code after return statement
JavaScript warning: https://pagead2.googlesyndication.com/bg/l11QPndu-j1d-IuVVz8_-a8eiRaKqDgehurr_OIagKU.js, line 6786: unreachable code after return statement
JavaScript warning: https://pagead2.googlesyndication.com/bg/l11QPndu-j1d-IuVVz8_-a8eiRaKqDgehurr_OIagKU.js, line 6786: unreachable code after return statement
JavaScript warning: https://pagead2.googlesyndication.com/bg/l11QPndu-j1d-IuVVz8_-a8eiRaKqDgehurr_OIagKU.js line 2 > eval, line 6786: unreachable code after return statement
JavaScript warning: https://pagead2.googlesyndication.com/bg/l11QPndu-j1d-IuVVz8_-a8eiRaKqDgehurr_OIagKU.js line 2 > eval, line 6786: unreachable code after return statement
JavaScript warning: https://pagead2.googlesyndication.com/bg/l11QPndu-j1d-IuVVz8_-a8eiRaKqDgehurr_OIagKU.js line 2 > eval, line 6786: unreachable code after return statement
JavaScript warning: https://pagead2.googlesyndication.com/bg/l11QPndu-j1d-IuVVz8_-a8eiRaKqDgehurr_OIagKU.js line 2 > eval line 6786 > eval, line 1: unreachable code after return statement
JavaScript warning: https://pagead2.googlesyndication.com/bg/l11QPndu-j1d-IuVVz8_-a8eiRaKqDgehurr_OIagKU.js line 2 > eval line 6786 > eval line 1 > eval, line 1: unreachable code after return statement
JavaScript warning: https://pagead2.googlesyndication.com/bg/l11QPndu-j1d-IuVVz8_-a8eiRaKqDgehurr_OIagKU.js line 2 > eval line 6786 > eval, line 1: unreachable code after return statement
JavaScript warning: https://pagead2.googlesyndication.com/bg/l11QPndu-j1d-IuVVz8_-a8eiRaKqDgehurr_OIagKU.js line 2 > eval line 6786 > eval line 1 > eval, line 1: unreachable code after return statement
JavaScript warning: https://pagead2.googlesyndication.com/bg/l11QPndu-j1d-IuVVz8_-a8eiRaKqDgehurr_OIagKU.js line 2 > eval, line 6786: unreachable code after return statement
JavaScript warning: https://pagead2.googlesyndication.com/bg/l11QPndu-j1d-IuVVz8_-a8eiRaKqDgehurr_OIagKU.js line 2 > eval line 6786 > eval line 1 > eval, line 1: unreachable code after return statement
JavaScript warning: https://pagead2.googlesyndication.com/bg/l11QPndu-j1d-IuVVz8_-a8eiRaKqDgehurr_OIagKU.js line 2 > eval line 6786 > eval line 1 > eval, line 1: unreachable code after return statement
JavaScript warning: https://pagead2.googlesyndication.com/bg/l11QPndu-j1d-IuVVz8_-a8eiRaKqDgehurr_OIagKU.js line 2 > eval line 6786 > eval line 1 > eval line 1 > eval, line 1: unreachable code after return statement
JavaScript warning: https://pagead2.googlesyndication.com/bg/l11QPndu-j1d-IuVVz8_-a8eiRaKqDgehurr_OIagKU.js line 2 > eval line 6786 > eval line 1 > eval line 1 > eval, line 1: unreachable code after return statement
JavaScript error: moz-src:///browser/components/search/SearchOneOffs.sys.mjs, line 392: TypeError: aEngine.getIconURL is not a function
JavaScript error: , line 0: uncaught exception: undefined
JavaScript warning: https://automationexercise.com/static/js/jquery.js, line 2: Using //@ to indicate sourceMappingURL pragmas is deprecated. Use //# instead
console.warn: LoginRecipes: "Falling back to a synchronous message for: https://automationexercise.com."
console.warn: LoginRecipes: "Falling back to a synchronous message for: https://automationexercise.com."
JavaScript warning: https://automationexercise.com/static/js/jquery.js, line 2: Using //@ to indicate sourceMappingURL pragmas is deprecated. Use //# instead
JavaScript error: resource://gre/actors/FormHandlerChild.sys.mjs, line 103: InvalidStateError: JSWindowActorChild.document getter: Cannot access property 'document' after actor 'FormHandler' has been destroyed
1771834250365	Marionette	INFO	Stopped listening on port 60293
Dynamically enable window occlusion 1
console.warn: TopSitesFeed: Failed to fetch data from MARS server: NetworkError when attempting to fetch resource.
